docker_image.nginx: Refreshing state... [id=sha256:a830707172e8069c09cf6c67a04e23e5a1a332d70a90a54999b76273a928b9cenginx:latest]
docker_container.nginx_container: Refreshing state... [id=82348f568fd19a3fa0d66a59e84b87c36ad669fef08f1b7aa84aa9d7a90b9201]

Terraform used the selected providers to generate the following execution
plan. Resource actions are indicated with the following symbols:
  - destroy

Terraform will perform the following actions:

  # docker_container.nginx_container will be destroyed
  - resource "docker_container" "nginx_container" {
      - attach                                      = false -> null
      - command                                     = [
          - "nginx",
          - "-g",
          - "daemon off;",
        ] -> null
      - container_read_refresh_timeout_milliseconds = 15000 -> null
      - cpu_shares                                  = 0 -> null
      - dns                                         = [] -> null
      - dns_opts                                    = [] -> null
      - dns_search                                  = [] -> null
      - entrypoint                                  = [
          - "/docker-entrypoint.sh",
        ] -> null
      - env                                         = [] -> null
      - group_add                                   = [] -> null
      - hostname                                    = "82348f568fd1" -> null
      - id                                          = "82348f568fd19a3fa0d66a59e84b87c36ad669fef08f1b7aa84aa9d7a90b9201" -> null
      - image                                       = "sha256:a830707172e8069c09cf6c67a04e23e5a1a332d70a90a54999b76273a928b9ce" -> null
      - init                                        = false -> null
      - ipc_mode                                    = "private" -> null
      - log_driver                                  = "json-file" -> null
      - log_opts                                    = {} -> null
      - logs                                        = false -> null
      - max_retry_count                             = 0 -> null
      - memory                                      = 0 -> null
      - memory_swap                                 = 0 -> null
      - must_run                                    = true -> null
      - name                                        = "my-nginx-container" -> null
      - network_data                                = [
          - {
              - gateway                   = "172.17.0.1"
              - global_ipv6_prefix_length = 0
              - ip_address                = "172.17.0.2"
              - ip_prefix_length          = 16
              - mac_address               = "02:42:ac:11:00:02"
              - network_name              = "bridge"
                # (2 unchanged attributes hidden)
            },
        ] -> null
      - network_mode                                = "default" -> null
      - privileged                                  = false -> null
      - publish_all_ports                           = false -> null
      - read_only                                   = false -> null
      - remove_volumes                              = true -> null
      - restart                                     = "no" -> null
      - rm                                          = false -> null
      - runtime                                     = "runc" -> null
      - security_opts                               = [] -> null
      - shm_size                                    = 64 -> null
      - start                                       = true -> null
      - stdin_open                                  = false -> null
      - stop_signal                                 = "SIGQUIT" -> null
      - stop_timeout                                = 0 -> null
      - storage_opts                                = {} -> null
      - sysctls                                     = {} -> null
      - tmpfs                                       = {} -> null
      - tty                                         = false -> null
      - wait                                        = false -> null
      - wait_timeout                                = 60 -> null
        # (7 unchanged attributes hidden)

      - ports {
          - external = 8080 -> null
          - internal = 80 -> null
          - ip       = "0.0.0.0" -> null
          - protocol = "tcp" -> null
        }

      - ulimit {
          - hard = 65536 -> null
          - name = "nofile" -> null
          - soft = 32768 -> null
        }
    }

  # docker_image.nginx will be destroyed
  - resource "docker_image" "nginx" {
      - id          = "sha256:a830707172e8069c09cf6c67a04e23e5a1a332d70a90a54999b76273a928b9cenginx:latest" -> null
      - image_id    = "sha256:a830707172e8069c09cf6c67a04e23e5a1a332d70a90a54999b76273a928b9ce" -> null
      - name        = "nginx:latest" -> null
      - repo_digest = "nginx@sha256:c15da6c91de8d2f436196f3a768483ad32c258ed4e1beb3d367a27ed67253e66" -> null
    }

Plan: 0 to add, 0 to change, 2 to destroy.
docker_container.nginx_container: Destroying... [id=82348f568fd19a3fa0d66a59e84b87c36ad669fef08f1b7aa84aa9d7a90b9201]
docker_container.nginx_container: Destruction complete after 0s
docker_image.nginx: Destroying... [id=sha256:a830707172e8069c09cf6c67a04e23e5a1a332d70a90a54999b76273a928b9cenginx:latest]
docker_image.nginx: Destruction complete after 0s

Destroy complete! Resources: 2 destroyed.
